\BOOKMARK [1][-]{section.1}{Criar uma sec\347\343o com subsec\347\365es}{}% 1
\BOOKMARK [2][-]{subsection.1.1}{Uma subsec\347\343o da 1\272 sec\347\343o}{section.1}% 2
\BOOKMARK [3][-]{subsubsection.1.1.1}{1\272 subsubsec\347\343o da 1\272 subsec\347\343o}{subsection.1.1}% 3
\BOOKMARK [3][-]{subsubsection.1.1.2}{2\272 subsubsec\347\343o da 1\272 subsec\347\343o}{subsection.1.1}% 4
\BOOKMARK [3][-]{subsubsection.1.1.3}{3\272 subsubsec\347\343o da 1\272 subsec\347\343o}{subsection.1.1}% 5
\BOOKMARK [1][-]{section.2}{A minha 2\272 sec\347\343o}{}% 6
\BOOKMARK [1][-]{section.3}{Paragrafos, subparagrafos e encaixilhamento de texto}{}% 7
\BOOKMARK [1][-]{section.4}{Newline, italico, negrito, sublinhado e mudar de de linhan + simbolos tex}{}% 8
\BOOKMARK [1][-]{section.5}{Como usar o Itemize}{}% 9
\BOOKMARK [1][-]{section.6}{Como usar o Enumerate}{}% 10
\BOOKMARK [1][-]{section.7}{Como usar o Description}{}% 11
\BOOKMARK [1][-]{section.8}{Alinhar texto \341 esquerda}{}% 12
\BOOKMARK [1][-]{section.9}{Alinhar texto \341 direita}{}% 13
\BOOKMARK [1][-]{section.10}{Alinhar texto ao centro}{}% 14
\BOOKMARK [1][-]{section.11}{Inserir uma cita\347\343o ou verso}{}% 15
\BOOKMARK [1][-]{section.12}{Mostrar peda\347os de c\363digo de varias maneiras}{}% 16
\BOOKMARK [2][-]{subsection.12.1}{Simplesmnte visualizando exerto de codigo}{section.12}% 17
\BOOKMARK [2][-]{subsection.12.2}{Visualizando exerto de codigo com identifica\347\343o dos espa\347os}{section.12}% 18
\BOOKMARK [2][-]{subsection.12.3}{O mais parecido com o c\363digo apresentado num IDE}{section.12}% 19
\BOOKMARK [2][-]{subsection.12.4}{Buscar codigo a outros ficheiros!}{section.12}% 20
\BOOKMARK [1][-]{section.13}{Inserir Imagens}{}% 21
\BOOKMARK [1][-]{section.14}{Criar uma bibliografia}{}% 22
